<?xml version="1.0" encoding="UTF-8"?>
<testsuite xmlns:xsi="http://www.w3.org/2001/XMLSchema-instance" xsi:noNamespaceSchemaLocation="https://maven.apache.org/surefire/maven-surefire-plugin/xsd/surefire-test-report.xsd" name="ru.netology.RadioTest" time="0.007" tests="11" errors="0" skipped="0" failures="0">
  <properties>
[...]
</properties>
  <testcase name="nextNormalJob" classname="ru.netology.RadioTest" time="0.001"/>
  <testcase name="minusNormalJob" classname="ru.netology.RadioTest" time="0"/>
  <testcase name="prevNormalJob" classname="ru.netology.RadioTest" time="0"/>
  <testcase name="prevLoop" classname="ru.netology.RadioTest" time="0"/>
  <testcase name="plusNormalJob" classname="ru.netology.RadioTest" time="0"/>
  <testcase name="setNumberStation" classname="ru.netology.RadioTest" time="0"/>
  <testcase name="crossingPlusBorder" classname="ru.netology.RadioTest" time="0"/>
  <testcase name="setNumberStationOverMax" classname="ru.netology.RadioTest" time="0"/>
  <testcase name="setNumberStationOverMin" classname="ru.netology.RadioTest" time="0"/>
  <testcase name="nextLoop" classname="ru.netology.RadioTest" time="0"/>
  <testcase name="crossingMinusBorder" classname="ru.netology.RadioTest" time="0"/>
</testsuite>